<?xml version="1.0" encoding="UTF-8" ?>
<testsuite tests="4" failures="0" name="utilities.ItemRulesEvaluatorTest" time="0.188" errors="0" skipped="0">
  <properties>
[...]
</properties>
  <testcase classname="utilities.ItemRulesEvaluatorTest" name="InputSeveralItems_ShouldReturnValueEightyOne" time="0.013"/>
  <testcase classname="utilities.ItemRulesEvaluatorTest" name="InputTwoTicket_ShouldReturnValueFive" time="0.175"/>
  <testcase classname="utilities.ItemRulesEvaluatorTest" name="InputTSomeItems_ShouldReturnFrequency" time="0"/>
  <testcase classname="utilities.ItemRulesEvaluatorTest" name="InputTwoTicket_ShouldReturnValueTwentyFive" time="0"/>
</testsuite>